4 2
8 3
12 3
16 2
20 2
24 3
28 3
32 5
36 5
40 23
44 23
48 5
52 5
56 23
60 23
64 6
68 6
72 79
76 79
80 6
84 6
88 79
92 79
96 49
100 49
104 79
108 79
112 49
116 49
120 79
124 79
128 7
132 7
136 143
140 143
144 7
148 7
152 143
156 143
160 7
164 7
168 143
172 143
176 7
180 7
184 143
188 143
192 49
196 49
200 2207
204 2207
208 49
212 49
216 2207
220 2207
224 49
228 49
232 2207
236 2207
240 49
244 49
248 2207
252 2207
256 8
260 8
264 27
268 27
272 8
276 8
280 27
284 27
288 27
292 27
296 27
300 27
304 27
308 27
312 27
316 27
320 216
324 216
328 3879
332 3879
336 216
340 216
344 3879
348 3879
352 1975
356 1975
360 3879
364 3879
368 1975
372 1975
376 3879
380 3879
384 1001
388 1001
392 5719
396 5719
400 1001
404 1001
408 5719
412 5719
416 1001
420 1001
424 5719
428 5719
432 1001
436 1001
440 5719
444 5719
448 47089
452 47089
456 47089
460 47089
464 47089
468 47089
472 47089
476 47089
480 48769
484 48769
488 58775
492 58775
496 48769
500 48769
504 58775
508 58775
512 3
516 3
520 3
524 3
528 3
532 3
536 3
540 3
544 27
548 27
552 27
556 27
560 27
564 27
568 27
572 27
576 415
580 415
584 707
588 707
592 415
596 415
600 707
604 707
608 415
612 415
616 1695
620 1695
624 415
628 415
632 1695
636 1695
640 125
644 125
648 143
652 143
656 125
660 125
664 143
668 143
672 125
676 125
680 143
684 143
688 125
692 125
696 143
700 143
704 2753
708 2753
712 37131
716 37131
720 2753
724 2753
728 37131
732 37131
736 37131
740 37131
744 37131
748 37131
752 37131
756 37131
760 37131
764 37131
768 27
772 27
776 27
780 27
784 27
788 27
792 27
796 27
800 27
804 27
808 27
812 27
816 27
820 27
824 27
828 27
832 4977
836 4977
840 10089
844 10089
848 4977
852 4977
856 10089
860 10089
864 4977
868 4977
872 23117
876 23117
880 4977
884 4977
888 23117
892 23117
896 6393
900 6393
904 35785
908 35785
912 6393
916 6393
920 35785
924 35785
928 6393
932 6393
936 128821
940 128821
944 6393
948 6393
952 128821
956 128821
960 569669
964 569669
968 569669
972 569669
976 569669
980 569669
984 569669
988 569669
992 569669
996 569669
1000 569669
1004 569669
1008 569669
1012 569669
1016 569669
1020 569669
1024 7
1028 7
1032 13
1036 13
1040 7
1044 7
1048 13
1052 13
1056 7
1060 7
1064 23
1068 23
1072 7
1076 7
1080 23
1084 23
1088 44
1092 44
1096 79
1100 79
1104 44
1108 44
1112 79
1116 79
1120 49
1124 49
1128 79
1132 79
1136 49
1140 49
1144 79
1148 79
1152 7
1156 7
1160 167
1164 167
1168 7
1172 7
1176 167
1180 167
1184 7
1188 7
1192 7895
1196 7895
1200 7
1204 7
1208 7895
1212 7895
1216 49
1220 49
1224 6307
1228 6307
1232 49
1236 49
1240 6307
1244 6307
1248 49
1252 49
1256 7895
1260 7895
1264 49
1268 49
1272 7895
1276 7895
1280 97
1284 97
1288 219
1292 219
1296 97
1300 97
1304 219
1308 219
1312 219
1316 219
1320 219
1324 219
1328 219
1332 219
1336 219
1340 219
1344 608
1348 608
1352 3879
1356 3879
1360 608
1364 608
1368 3879
1372 3879
1376 3879
1380 3879
1384 3879
1388 3879
1392 3879
1396 3879
1400 3879
1404 3879
1408 34527
1412 34527
1416 48041
1420 48041
1424 34527
1428 34527
1432 48041
1436 48041
1440 34527
1444 34527
1448 120407
1452 120407
1456 34527
1460 34527
1464 120407
1468 120407
1472 245035
1476 245035
1480 697563
1484 697563
1488 245035
1492 245035
1496 697563
1500 697563
1504 245035
1508 245035
1512 2688153
1516 2688153
1520 245035
1524 245035
1528 2688153
1532 2688153
1536 91
1540 91
1544 91
1548 91
1552 91
1556 91
1560 91
1564 91
1568 91
1572 91
1576 91
1580 91
1584 91
1588 91
1592 91
1596 91
1600 1033
1604 1033
1608 6073
1612 6073
1616 1033
1620 1033
1624 6073
1628 6073
1632 4577
1636 4577
1640 6073
1644 6073
1648 4577
1652 4577
1656 6073
1660 6073
1664 1337
1668 1337
1672 1337
1676 1337
1680 1337
1684 1337
1688 1337
1692 1337
1696 29913
1700 29913
1704 120149
1708 120149
1712 29913
1716 29913
1720 120149
1724 120149
1728 71735
1732 71735
1736 613479
1740 613479
1744 71735
1748 71735
1752 613479
1756 613479
1760 218301
1764 218301
1768 711725
1772 711725
1776 218301
1780 218301
1784 711725
1788 711725
1792 1177
1796 1177
1800 1177
1804 1177
1808 1177
1812 1177
1816 1177
1820 1177
1824 1177
1828 1177
1832 1177
1836 1177
1840 1177
1844 1177
1848 1177
1852 1177
1856 9867
1860 9867
1864 28099
1868 28099
1872 9867
1876 9867
1880 28099
1884 28099
1888 28099
1892 28099
1896 28099
1900 28099
1904 28099
1908 28099
1912 28099
1916 28099
1920 48041
1924 48041
1928 48041
1932 48041
1936 48041
1940 48041
1944 48041
1948 48041
1952 246297
1956 246297
1960 346719
1964 346719
1968 246297
1972 246297
1976 346719
1980 346719
1984 2662657
1988 2662657
1992 4817803
1996 4817803
2000 2662657
2004 2662657
2008 4817803
2012 4817803
2016 11814485
2020 11814485
2024 11814485
2028 11814485
2032 11814485
2036 11814485
2040 11814485
2044 11814485
